build/app/outputs/mapping/release/seeds.txt
com.exfai.exfai.MainActivity
com.exfai.exfai.MainActivity: MainActivity()
...
io.flutter.embedding.engine.FlutterJNI: void dispatchEmptyPlatformMessage(java.lang.String,int)
com.huawei.hms.ml.scan.HmsScan$TelPhoneNumber: HmsScan$TelPhoneNumber()
com.huawei.hms.hmsscankit.api.IOnResultCallback$Stub$Proxy: java.lang.String getInterfaceDescriptor()
androidx.core.view.ViewCompat$Api21Impl: boolean dispatchNestedPreFling(android.view.View,float,float)
com.huawei.hms.hmsscankit.j: void a(android.content.Context)
com.huawei.hms.scankit.p.ob: float n()
com.huawei.hms.scankit.p.lb: com.huawei.hms.scankit.aiscan.common.z[] b(com.huawei.hms.scankit.aiscan.common.z[])
com.huawei.hms.hmsscankit.api.IRemoteViewDelegate$Stub$Proxy: void onStart()
androidx.window.embedding.SplitPlaceholderRule: java.util.Set getFilters()
com.dexterous.flutterlocalnotifications.FlutterLocalNotificationsPlugin: void setBigTextStyle(com.dexterous.flutterlocalnotifications.models.NotificationDetails,androidx.core.app.NotificationCompat$Builder)
androidx.recyclerview.widget.RecyclerView: void setEdgeEffectFactory(androidx.recyclerview.widget.RecyclerView$EdgeEffectFactory)
com.yalantis.ucrop.view.GestureCropImageView: int getDoubleTapScaleSteps()
com.huawei.hms.feature.dynamic.RuntimeRemoteException: RuntimeRemoteException(java.lang.Exception)
io.grpc.stub.ClientCalls$StubType: io.grpc.stub.ClientCalls$StubType valueOf(java.lang.String)
androidx.window.layout.FoldingFeature$State: FoldingFeature$State(java.lang.String)
com.huawei.hms.ml.scan.HmsScan$VehicleInfo: java.lang.String getSequentialNumber()
com.yalantis.ucrop.view.CropImageView: void setImageToWrapCropBoundsAnimDuration(long)
com.huawei.hms.scankit.aiscan.common.v: void a(int[],int)
com.huawei.hms.ml.scan.HmsScan$LinkUrl: java.lang.String getTheme()
com.google.gson.LongSerializationPolicy: com.google.gson.LongSerializationPolicy valueOf(java.lang.String)
com.bumptech.glide.load.resource.bitmap.DownsampleStrategy$SampleSizeRounding: com.bumptech.glide.load.resource.bitmap.DownsampleStrategy$SampleSizeRounding valueOf(java.lang.String)
com.huawei.hms.feature.dynamic.DynamicModule: com.huawei.hms.feature.dynamic.IDynamicInstall a(android.content.Context)
com.huawei.hms.scankit.p.na: void g(java.lang.String)
com.huawei.hms.scankit.aiscan.common.h: h(int,int,int)
com.huawei.hms.scankit.p.Gb: java.lang.String b(java.lang.String)
com.dexterous.flutterlocalnotifications.FlutterLocalNotificationsPlugin: void zonedSchedule(io.flutter.plugin.common.MethodCall,io.flutter.plugin.common.MethodChannel$Result)
com.huawei.hms.scankit.p.pa: void b()
com.huawei.hms.scankit.p.ge: java.lang.String a(java.lang.String,com.huawei.hms.scankit.p.be,java.nio.charset.Charset)
com.huawei.hms.scankit.p.jb: com.huawei.hms.scankit.aiscan.common.e a(byte[],java.util.Map)
androidx.recyclerview.widget.RecyclerView: int getMinFlingVelocity()
com.huawei.hms.scankit.aiscan.common.w: java.lang.Object[] newArray(int)
io.flutter.view.AccessibilityViewEmbedder: android.view.accessibility.AccessibilityNodeInfo getRootNode(android.view.View,int,android.graphics.Rect)
com.huawei.hms.scankit.p.D: java.util.Map i()
androidx.core.view.ViewCompat$Api16Impl: int getMinimumWidth(android.view.View)
com.huawei.hms.scankit.ViewfinderView$a: ViewfinderView$a(java.lang.String,int,int)
com.huawei.hms.hmsscankit.RemoteView$b: void onCreate(android.os.Bundle)
com.huawei.hms.scankit.p.Ma: boolean u()
com.huawei.hms.scankit.p.ob: float k()
com.huawei.hms.ml.scan.HmsScan: com.huawei.hms.ml.scan.HmsScan$EmailContent getEmailContent()
androidx.window.core.Version: java.math.BigInteger getBigInteger()
com.google.firebase.messaging.FirebaseMessagingRegistrar: com.google.firebase.messaging.FirebaseMessaging lambda$getComponents$0(com.google.firebase.components.ComponentContainer)
io.flutter.embedding.engine.FlutterJNI: void onSurfaceWindowChanged(android.view.Surface)
kotlin.jvm.internal.FunctionReference: boolean isInfix()