build/app/outputs/mapping/release/mapping.txt
# compiler: R8
# compiler_version: 3.2.47
# min_api: 21
# common_typos_disable
# {"id":"com.android.tools.r8.mapping","version":"2.0"}
# pg_map_id: aa4d3b0
# pg_map_hash: SHA-256 aa4d3b0920b14effa2331fee1da998076b775f67bf3b08ef612cd0f9b96b1aac
...
com.google.protobuf.ByteString$BoundedByteString -> com.google.protobuf.i$e:
    int bytesOffset -> f
    int bytesLength -> g
    byte internalByteAt(int) -> A
    int getOffsetIntoBytes() -> W
    byte byteAt(int) -> k
    void copyToInternal(byte[],int,int,int) -> y
com.google.protobuf.ByteString$ByteArrayCopier -> com.google.protobuf.i$f:
    byte[] copyFrom(byte[],int,int) -> a
com.google.protobuf.ByteString$ByteIterator -> com.google.protobuf.i$g:
    byte nextByte() -> a
com.google.protobuf.ByteString$CodedBuilder -> com.google.protobuf.i$h:
    byte[] buffer -> b
    com.google.protobuf.CodedOutputStream output -> a
    com.google.protobuf.ByteString build() -> a
    com.google.protobuf.CodedOutputStream getCodedOutput() -> b
com.google.protobuf.ByteString$LeafByteString -> com.google.protobuf.i$i:
    boolean isBalanced() -> B
    boolean equalsRange(com.google.protobuf.ByteString,int,int) -> V
    int getTreeDepth() -> z
com.google.protobuf.ByteString$LiteralByteString -> com.google.protobuf.i$j:
    byte[] bytes -> e
    byte internalByteAt(int) -> A
    boolean isValidUtf8() -> C
    com.google.protobuf.CodedInputStream newCodedInput() -> F
    int partialHash(int,int,int) -> G
    int partialIsValidUtf8(int,int,int) -> H
    com.google.protobuf.ByteString substring(int,int) -> K
    java.lang.String toStringInternal(java.nio.charset.Charset) -> O
    void writeTo(com.google.protobuf.ByteOutput) -> U
    boolean equalsRange(com.google.protobuf.ByteString,int,int) -> V
    int getOffsetIntoBytes() -> W
    java.nio.ByteBuffer asReadOnlyByteBuffer() -> i
    byte byteAt(int) -> k
    void copyToInternal(byte[],int,int,int) -> y
com.google.protobuf.ByteString$SystemByteArrayCopier -> com.google.protobuf.i$k:
    byte[] copyFrom(byte[],int,int) -> a
com.google.protobuf.CodedInputStream -> com.google.protobuf.j:
    com.google.protobuf.CodedInputStreamReader wrapper -> d
    boolean shouldDiscardUnknownFields -> e
    int defaultRecursionLimit -> f
    int recursionLimit -> b
    int sizeLimit -> c
    int recursionDepth -> a
    long readSInt64() -> A
    java.lang.String readString() -> B
    java.lang.String readStringRequireUtf8() -> C
    int readTag() -> D
    int readUInt32() -> E
    long readUInt64() -> F
    int setSizeLimit(int) -> G
    boolean skipField(int) -> H
    void checkLastTagWas(int) -> a
    int decodeZigZag32(int) -> b
    long decodeZigZag64(long) -> c
    int getTotalBytesRead() -> d
    boolean isAtEnd() -> e
    com.google.protobuf.CodedInputStream newInstance(java.io.InputStream) -> f
    com.google.protobuf.CodedInputStream newInstance(java.io.InputStream,int) -> g
    com.google.protobuf.CodedInputStream newInstance(java.lang.Iterable,boolean) -> h
    com.google.protobuf.CodedInputStream newInstance(java.nio.ByteBuffer,boolean) -> i
    com.google.protobuf.CodedInputStream newInstance(byte[]) -> j
    com.google.protobuf.CodedInputStream newInstance(byte[],int,int) -> k
    com.google.protobuf.CodedInputStream newInstance(byte[],int,int,boolean) -> l
    void popLimit(int) -> m
    int pushLimit(int) -> n
    boolean readBool() -> o
    com.google.protobuf.ByteString readBytes() -> p
    double readDouble() -> q
    int readEnum() -> r
    int readFixed32() -> s
    long readFixed64() -> t
com.google.protobuf.CodedInputStream$1 -> com.google.protobuf.j$a: