build/app/outputs/mapping/release/usage.txt
com.exfai.exfai.BuildConfig
com.exfai.exfai.R$anim
com.exfai.exfai.R$animator
com.exfai.exfai.R$attr
com.exfai.exfai.R$bool
com.exfai.exfai.R$color
com.exfai.exfai.R$dimen
com.exfai.exfai.R$drawable
com.exfai.exfai.R$id
com.exfai.exfai.R$integer
com.exfai.exfai.R$interpolator
com.exfai.exfai.R$layout
com.exfai.exfai.R$menu
com.exfai.exfai.R$mipmap
com.exfai.exfai.R$raw
com.exfai.exfai.R$string
com.exfai.exfai.R$style
com.exfai.exfai.R$styleable
com.exfai.exfai.R$xml
com.exfai.exfai.R
...
kotlin.collections.AbstractList$SubList
kotlin.collections.AbstractList:
    protected void <init>()
    public void add(int,java.lang.Object)
    public boolean addAll(int,java.util.Collection)
    public boolean equals(java.lang.Object)
    public abstract java.lang.Object get(int)
    public abstract int getSize()
    public int hashCode()
    public int indexOf(java.lang.Object)
    public java.util.Iterator iterator()
    public int lastIndexOf(java.lang.Object)
    public java.util.ListIterator listIterator()
    public java.util.ListIterator listIterator(int)
    public java.lang.Object remove(int)
    public java.lang.Object set(int,java.lang.Object)
    public java.util.List subList(int,int)
kotlin.collections.AbstractMap$Companion
kotlin.collections.AbstractMap$keys$1$iterator$1
kotlin.collections.AbstractMap$keys$1
kotlin.collections.AbstractMap$toString$1
kotlin.collections.AbstractMap$values$1$iterator$1
kotlin.collections.AbstractMap$values$1
kotlin.collections.AbstractMap
kotlin.collections.AbstractMutableCollection
kotlin.collections.AbstractMutableList:
    public abstract void add(int,java.lang.Object)
    public abstract java.lang.Object set(int,java.lang.Object)
kotlin.collections.AbstractMutableMap
kotlin.collections.AbstractMutableSet
kotlin.collections.AbstractSet$Companion
kotlin.collections.AbstractSet
kotlin.collections.ArrayAsCollection
kotlin.collections.ArrayDeque:
    private static final int defaultMinCapacity
    private static final int maxArraySize
    public void <init>(int)
    public void <init>(java.util.Collection)
    private final boolean filterInPlace(kotlin.jvm.functions.Function1)
    public final java.lang.Object first()
    public final java.lang.Object firstOrNull()
    private final java.lang.Object internalGet(int)
    private final int internalIndex(int)
    public final void internalStructure$kotlin_stdlib(kotlin.jvm.functions.Function2)
    public final java.lang.Object last()
    public final java.lang.Object lastOrNull()
    public final java.lang.Object removeFirstOrNull()
    public final java.lang.Object removeLastOrNull()
    public final java.lang.Object[] testToArray$kotlin_stdlib()
    public final java.lang.Object[] testToArray$kotlin_stdlib(java.lang.Object[])
kotlin.collections.ArraysKt:
    private void <init>()
kotlin.collections.ArraysKt__ArraysJVMKt:
    public void <init>()
    public static final int contentDeepHashCode(java.lang.Object[])
    public static final void copyOfRangeToIndexCheck(int,int)
    public static final synthetic java.lang.Object[] orEmpty(java.lang.Object[])
    private static final java.lang.String toString(byte[],java.nio.charset.Charset)
    public static final synthetic java.lang.Object[] toTypedArray(java.util.Collection)
kotlin.collections.ArraysKt__ArraysKt:
    public void <init>()
    public static final boolean contentDeepEquals(java.lang.Object[],java.lang.Object[])
    public static final java.lang.String contentDeepToString(java.lang.Object[])
    private static final void contentDeepToStringInternal$ArraysKt__ArraysKt(java.lang.Object[],java.lang.StringBuilder,java.util.List)
    public static final java.util.List flatten(java.lang.Object[][])
    private static final java.lang.Object ifEmpty(java.lang.Object[],kotlin.jvm.functions.Function0)
    private static final boolean isNullOrEmpty(java.lang.Object[])
    public static final kotlin.Pair unzip(kotlin.Pair[])
kotlin.collections.ArraysKt___ArraysJvmKt$asList$1
kotlin.collections.ArraysKt___ArraysJvmKt$asList$2
kotlin.collections.ArraysKt___ArraysJvmKt$asList$3
kotlin.collections.ArraysKt___ArraysJvmKt$asList$4
kotlin.collections.ArraysKt___ArraysJvmKt$asList$5
kotlin.collections.ArraysKt___ArraysJvmKt$asList$6
kotlin.collections.ArraysKt___ArraysJvmKt$asList$7
kotlin.collections.ArraysKt___ArraysJvmKt$asList$8